<?xml version="1.0" encoding="UTF-8"?>
<testsuite name="com.johanncanon.springcloud.ms.items.ms_items.MsItemsApplicationTests" tests="1" skipped="0" failures="0" errors="0" timestamp="2025-03-18T22:30:44" hostname="MacBook-Pro-Johann.local" time="0.641">
  <properties/>
  <testcase name="contextLoads()" classname="com.johanncanon.springcloud.ms.items.ms_items.MsItemsApplicationTests" time="0.641"/>
  <system-out><![CDATA[17:30:43.040 [Test worker] INFO org.springframework.test.context.support.AnnotationConfigContextLoaderUtils -- Could not detect default configuration classes for test class [com.johanncanon.springcloud.ms.items.ms_items.MsItemsApplicationTests]: MsItemsApplicationTests does not declare any static, non-private, non-final, nested classes annotated with @Configuration.
17:30:43.125 [Test worker] INFO org.springframework.boot.test.context.SpringBootTestContextBootstrapper -- Found @SpringBootConfiguration com.johanncanon.springcloud.ms.items.MsItemsApplication for test class com.johanncanon.springcloud.ms.items.ms_items.MsItemsApplicationTests

  .   ____          _            __ _ _
 /\\ / ___'_ __ _ _(_)_ __  __ _ \ \ \ \
( ( )\___ | '_ | '_| | '_ \/ _` | \ \ \ \
 \\/  ___)| |_)| | | | | || (_| |  ) ) ) )
  '  |____| .__|_| |_|_| |_\__, | / / / /
 =========|_|==============|___/=/_/_/_/

 :: Spring Boot ::                (v3.4.3)

2025-03-18T17:30:43.613-05:00  INFO 23017 --- [ms-items] [    Test worker] c.j.s.m.i.m.MsItemsApplicationTests      : Starting MsItemsApplicationTests using Java 21.0.6 with PID 23017 (started by macbookpro in /Users/macbookpro/Documents/workspace/repos/backend/cloud/ms-items/ms-items)
2025-03-18T17:30:43.615-05:00  INFO 23017 --- [ms-items] [    Test worker] c.j.s.m.i.m.MsItemsApplicationTests      : No active profile set, falling back to 1 default profile: "default"
2025-03-18T17:30:44.205-05:00  INFO 23017 --- [ms-items] [    Test worker] o.s.cloud.context.scope.GenericScope     : BeanFactory id=1419b981-0472-3b5d-b3bb-9bc5085c49ad
2025-03-18T17:30:44.894-05:00  INFO 23017 --- [ms-items] [    Test worker] c.j.s.m.i.m.MsItemsApplicationTests      : Started MsItemsApplicationTests in 1.523 seconds (process running for 2.604)
]]></system-out>
  <system-err><![CDATA[Mockito is currently self-attaching to enable the inline-mock-maker. This will no longer work in future releases of the JDK. Please add Mockito as an agent to your build what is described in Mockito's documentation: https://javadoc.io/doc/org.mockito/mockito-core/latest/org/mockito/Mockito.html#0.3
WARNING: A Java agent has been loaded dynamically (/Users/macbookpro/.gradle/caches/modules-2/files-2.1/net.bytebuddy/byte-buddy-agent/1.15.11/a38b16385e867f59a641330f0362ebe742788ed8/byte-buddy-agent-1.15.11.jar)
WARNING: If a serviceability tool is in use, please run with -XX:+EnableDynamicAgentLoading to hide this warning
WARNING: If a serviceability tool is not in use, please run with -Djdk.instrument.traceUsage for more information
WARNING: Dynamic loading of agents will be disallowed by default in a future release
]]></system-err>
</testsuite>
